<?xml version="1.0" encoding="UTF-8"?>
<TestRun id="0d0d8e35-1a01-43f6-8485-cfb1c887702e" name="Hui@HUI-PC 2013-11-04 18:10:35" runUser="Hui-PC\Hui" xmlns="http://microsoft.com/schemas/VisualStudio/TeamTest/2010">
  <TestSettings name="Local" id="6508fbba-f614-4bae-b25e-9c9cf2c24687">
    <Description>These are default test settings for a local test run.</Description>
    <Deployment runDeploymentRoot="Hui_HUI-PC 2013-11-04 18_10_35">
      <DeploymentItem filename="C:\Users\Hui\Desktop\Fall2013\COMP231\Project doc\CulinaryDelight-V3\CulinaryDelight\bin\CulinaryDelight.dll" />
    </Deployment>
    <Execution>
      <TestTypeSpecific />
      <AgentRule name="Execution Agents">
      </AgentRule>
    </Execution>
  </TestSettings>
  <Times creation="2013-11-04T18:10:35.3928497-05:00" queuing="2013-11-04T18:10:37.1868528-05:00" start="2013-11-04T18:10:37.4364532-05:00" finish="2013-11-04T18:10:48.9492735-05:00" />
  <ResultSummary outcome="Failed">
    <Counters total="1" executed="1" error="0" failed="1" timeout="0" aborted="0" inconclusive="0" passedButRunAborted="0" notRunnable="0" notExecuted="0" disconnected="0" warning="0" passed="0" completed="0" inProgress="0" pending="0" />
  </ResultSummary>
  <TestDefinitions>
    <WebTest name="WebTest1" storage="c:\users\hui\desktop\fall2013\comp231\project doc\culinarydelight-v3\webandloadtestproject1\webtest1.webtest" id="cd332d4c-8a4a-4e83-a442-88df42d49ee5" persistedWebTest="77u/PD94bWwgdmVyc2lvbj0iMS4wIiBlbmNvZGluZz0iVVRGLTgiIHN0YW5kYWxvbmU9InllcyI/Pg0KPFdlYlRlc3QgTmFtZT0iV2ViVGVzdDEiIElkPSJjZDMzMmQ0Yy04YTRhLTRlODMtYTQ0Mi04OGRmNDJkNDllZTUiIE93bmVyPSIiIFByaW9yaXR5PSIyMTQ3NDgzNjQ3IiBFbmFibGVkPSJUcnVlIiBDc3NQcm9qZWN0U3RydWN0dXJlPSIiIENzc0l0ZXJhdGlvbj0iIiBUaW1lb3V0PSIwIiBXb3JrSXRlbUlkcz0iIiB4bWxucz0iaHR0cDovL21pY3Jvc29mdC5jb20vc2NoZW1hcy9WaXN1YWxTdHVkaW8vVGVhbVRlc3QvMjAxMCIgRGVzY3JpcHRpb249IiIgQ3JlZGVudGlhbFVzZXJOYW1lPSIiIENyZWRlbnRpYWxQYXNzd29yZD0iIiBQcmVBdXRoZW50aWNhdGU9IlRydWUiIFByb3h5PSIiIFN0b3BPbkVycm9yPSJGYWxzZSIgUmVjb3JkZWRSZXN1bHRGaWxlPSJXZWJUZXN0MS43ZWFjMTE5MS05YjEwLTQ2YjgtOTVlMy00MTYzM2Q2ZTdjNzUucmVjLndlYnRlc3RyZXN1bHQiPg0KICA8SXRlbXM+DQogICAgPFJlcXVlc3QgTWV0aG9kPSJHRVQiIEd1aWQ9Ijc4NTMwM2I3LWNhOTgtNGZjMy05YzIwLWMyMTMxMjRjMTBkYiIgVmVyc2lvbj0iMS4xIiBVcmw9Imh0dHA6Ly9sb2NhbGhvc3Q6NTgzNTIvQWNjb3VudC9SZWdpc3RlckN1c3RvbWVycy5hc3B4IiBUaGlua1RpbWU9IjAiIFRpbWVvdXQ9IjMwMCIgUGFyc2VEZXBlbmRlbnRSZXF1ZXN0cz0iVHJ1ZSIgRm9sbG93UmVkaXJlY3RzPSJUcnVlIiBSZWNvcmRSZXN1bHQ9IlRydWUiIENhY2hlPSJGYWxzZSIgUmVzcG9uc2VUaW1lR29hbD0iMCIgRW5jb2Rpbmc9InV0Zi04IiBFeHBlY3RlZEh0dHBTdGF0dXNDb2RlPSIwIiBFeHBlY3RlZFJlc3BvbnNlVXJsPSIiIFJlcG9ydGluZ05hbWU9IiI+DQogICAgICA8Q29ycmVsYXRpb25FeHRyYWN0aW9uUnVsZXM+DQogICAgICAgIDxFeHRyYWN0aW9uUnVsZSBDbGFzc25hbWU9Ik1pY3Jvc29mdC5WaXN1YWxTdHVkaW8uVGVzdFRvb2xzLldlYlRlc3RpbmcuUnVsZXMuRXh0cmFjdEZvcm1GaWVsZCwgTWljcm9zb2Z0LlZpc3VhbFN0dWRpby5RdWFsaXR5VG9vbHMuV2ViVGVzdEZyYW1ld29yaywgVmVyc2lvbj0xMC4wLjAuMCwgQ3VsdHVyZT1uZXV0cmFsLCBQdWJsaWNLZXlUb2tlbj1iMDNmNWY3ZjExZDUwYTNhIiBWYXJpYWJsZU5hbWU9IkZvcm1Qb3N0UGFyYW0xLl9fVklFV1NUQVRFIiBEaXNwbGF5TmFtZT0iIiBEZXNjcmlwdGlvbj0iIj4NCiAgICAgICAgICA8UnVsZVBhcmFtZXRlcnM+DQogICAgICAgICAgICA8UnVsZVBhcmFtZXRlciBOYW1lPSJOYW1lIiBWYWx1ZT0iX19WSUVXU1RBVEUiIC8+DQogICAgICAgICAgICA8UnVsZVBhcmFtZXRlciBOYW1lPSJIdG1sRGVjb2RlIiBWYWx1ZT0iVHJ1ZSIgLz4NCiAgICAgICAgICAgIDxSdWxlUGFyYW1ldGVyIE5hbWU9IlJlcXVpcmVkIiBWYWx1ZT0iRmFsc2UiIC8+DQogICAgICAgICAgICA8UnVsZVBhcmFtZXRlciBOYW1lPSJJbmRleCIgVmFsdWU9IjAiIC8+DQogICAgICAgICAgPC9SdWxlUGFyYW1ldGVycz4NCiAgICAgICAgPC9FeHRyYWN0aW9uUnVsZT4NCiAgICAgICAgPEV4dHJhY3Rpb25SdWxlIENsYXNzbmFtZT0iTWljcm9zb2Z0LlZpc3VhbFN0dWRpby5UZXN0VG9vbHMuV2ViVGVzdGluZy5SdWxlcy5FeHRyYWN0Rm9ybUZpZWxkLCBNaWNyb3NvZnQuVmlzdWFsU3R1ZGlvLlF1YWxpdHlUb29scy5XZWJUZXN0RnJhbWV3b3JrLCBWZXJzaW9uPTEwLjAuMC4wLCBDdWx0dXJlPW5ldXRyYWwsIFB1YmxpY0tleVRva2VuPWIwM2Y1ZjdmMTFkNTBhM2EiIFZhcmlhYmxlTmFtZT0iRm9ybVBvc3RQYXJhbTIuX19FVkVOVFZBTElEQVRJT04iIERpc3BsYXlOYW1lPSIiIERlc2NyaXB0aW9uPSIiPg0KICAgICAgICAgIDxSdWxlUGFyYW1ldGVycz4NCiAgICAgICAgICAgIDxSdWxlUGFyYW1ldGVyIE5hbWU9Ik5hbWUiIFZhbHVlPSJfX0VWRU5UVkFMSURBVElPTiIgLz4NCiAgICAgICAgICAgIDxSdWxlUGFyYW1ldGVyIE5hbWU9Ikh0bWxEZWNvZGUiIFZhbHVlPSJUcnVlIiAvPg0KICAgICAgICAgICAgPFJ1bGVQYXJhbWV0ZXIgTmFtZT0iUmVxdWlyZWQiIFZhbHVlPSJGYWxzZSIgLz4NCiAgICAgICAgICAgIDxSdWxlUGFyYW1ldGVyIE5hbWU9IkluZGV4IiBWYWx1ZT0iMCIgLz4NCiAgICAgICAgICA8L1J1bGVQYXJhbWV0ZXJzPg0KICAgICAgICA8L0V4dHJhY3Rpb25SdWxlPg0KICAgICAgICA8RXh0cmFjdGlvblJ1bGUgQ2xhc3NuYW1lPSJNaWNyb3NvZnQuVmlzdWFsU3R1ZGlvLlRlc3RUb29scy5XZWJUZXN0aW5nLlJ1bGVzLkV4dHJhY3RGb3JtRmllbGQsIE1pY3Jvc29mdC5WaXN1YWxTdHVkaW8uUXVhbGl0eVRvb2xzLldlYlRlc3RGcmFtZXdvcmssIFZlcnNpb249MTAuMC4wLjAsIEN1bHR1cmU9bmV1dHJhbCwgUHVibGljS2V5VG9rZW49YjAzZjVmN2YxMWQ1MGEzYSIgVmFyaWFibGVOYW1lPSJGb3JtUG9zdFBhcmFtMy5jdGwwMCRNYWluQ29udGVudCRSZWdpc3RlclVzZXIkX19DdXN0b21OYXYwJFN0ZXBOZXh0QnV0dG9uQnV0dG9uIiBEaXNwbGF5TmFtZT0iIiBEZXNjcmlwdGlvbj0iIj4NCiAgICAgICAgICA8UnVsZVBhcmFtZXRlcnM+DQogICAgICAgICAgICA8UnVsZVBhcmFtZXRlciBOYW1lPSJOYW1lIiBWYWx1ZT0iTWFpbkNvbnRlbnRfUmVnaXN0ZXJVc2VyX19fQ3VzdG9tTmF2MF9TdGVwTmV4dEJ1dHRvbkJ1dHRvbiIgLz4NCiAgICAgICAgICAgIDxSdWxlUGFyYW1ldGVyIE5hbWU9Ikh0bWxEZWNvZGUiIFZhbHVlPSJUcnVlIiAvPg0KICAgICAgICAgICAgPFJ1bGVQYXJhbWV0ZXIgTmFtZT0iUmVxdWlyZWQiIFZhbHVlPSJGYWxzZSIgLz4NCiAgICAgICAgICAgIDxSdWxlUGFyYW1ldGVyIE5hbWU9IkluZGV4IiBWYWx1ZT0iMCIgLz4NCiAgICAgICAgICA8L1J1bGVQYXJhbWV0ZXJzPg0KICAgICAgICA8L0V4dHJhY3Rpb25SdWxlPg0KICAgICAgPC9Db3JyZWxhdGlvbkV4dHJhY3Rpb25SdWxlcz4NCiAgICA8L1JlcXVlc3Q+DQogICAgPFJlcXVlc3QgTWV0aG9kPSJHRVQiIEd1aWQ9ImUzMTE4ZDQwLTA3NGYtNDU0Ni1hMjM4LTYzNjVlMzIzMGI5ZiIgVmVyc2lvbj0iMS4xIiBVcmw9Imh0dHA6Ly9sb2NhbGhvc3Q6NTgzNTIvaG9tZS5hc3B4IiBUaGlua1RpbWU9IjQyIiBUaW1lb3V0PSIzMDAiIFBhcnNlRGVwZW5kZW50UmVxdWVzdHM9IlRydWUiIEZvbGxvd1JlZGlyZWN0cz0iVHJ1ZSIgUmVjb3JkUmVzdWx0PSJUcnVlIiBDYWNoZT0iRmFsc2UiIFJlc3BvbnNlVGltZUdvYWw9IjAiIEVuY29kaW5nPSJ1dGYtOCIgRXhwZWN0ZWRIdHRwU3RhdHVzQ29kZT0iMCIgRXhwZWN0ZWRSZXNwb25zZVVybD0iIiBSZXBvcnRpbmdOYW1lPSIiIC8+DQogICAgPFJlcXVlc3QgTWV0aG9kPSJQT1NUIiBHdWlkPSIwMTcyMjE5OC01YjVmLTRjZTItOWExNy00N2JjZjQ2NjNmMDAiIFZlcnNpb249IjEuMSIgVXJsPSJodHRwOi8vbG9jYWxob3N0OjU4MzUyL0FjY291bnQvUmVnaXN0ZXJDdXN0b21lcnMuYXNweCIgVGhpbmtUaW1lPSIwIiBUaW1lb3V0PSIzMDAiIFBhcnNlRGVwZW5kZW50UmVxdWVzdHM9IlRydWUiIEZvbGxvd1JlZGlyZWN0cz0iVHJ1ZSIgUmVjb3JkUmVzdWx0PSJUcnVlIiBDYWNoZT0iRmFsc2UiIFJlc3BvbnNlVGltZUdvYWw9IjAiIEVuY29kaW5nPSJ1dGYtOCIgRXhwZWN0ZWRIdHRwU3RhdHVzQ29kZT0iMCIgRXhwZWN0ZWRSZXNwb25zZVVybD0iaHR0cDovL2xvY2FsaG9zdDo1ODM1Mi9BY2NvdW50L0N1c3RvbWVyRGV0YWlscyIgUmVwb3J0aW5nTmFtZT0iIj4NCiAgICAgIDxGb3JtUG9zdEh0dHBCb2R5Pg0KICAgICAgICA8Rm9ybVBvc3RQYXJhbWV0ZXIgTmFtZT0iX19FVkVOVFRBUkdFVCIgVmFsdWU9IiIgUmVjb3JkZWRWYWx1ZT0iIiBDb3JyZWxhdGlvbkJpbmRpbmc9IiIgVXJsRW5jb2RlPSJUcnVlIiAvPg0KICAgICAgICA8Rm9ybVBvc3RQYXJhbWV0ZXIgTmFtZT0iX19FVkVOVEFSR1VNRU5UIiBWYWx1ZT0iIiBSZWNvcmRlZFZhbHVlPSIiIENvcnJlbGF0aW9uQmluZGluZz0iIiBVcmxFbmNvZGU9IlRydWUiIC8+DQogICAgICAgIDxGb3JtUG9zdFBhcmFtZXRlciBOYW1lPSJfX1ZJRVdTVEFURSIgVmFsdWU9Im5Ick4xekZ4RWxXSDRsOFlpR1FkNnRMY2hXdDQvbjV5NlB5dUVvYzdaQ3VLbEl4SVNlSDB4VjlvVCttVEsveWJWZmxFemxNelNjNkY4c21TOENPMlZ2NEluL1J0RE9uZnVuY1JaTldIU3h4UkR2MXNzVnhsT2dUWGZDdjZFV0YvMFFFQ0FqU2owVk9YQzJxTHVtbUZ3bXhkb1F1RHFPamh0OHZ4TnNDQnhINDVoSkVyRmh4N0lGOE9IRmluRnRPQmpPYjZSN1BsK3cwU2kvRjhHeFVQbW1vdys4TFEwWlZXMkxycm5CeWhScG1TNUZNSGFTcnY2QVh0ZUpSQXhYSlZtaFdIVFpOT3FIMzF4aUx4L0dXT240NmJtMFM1VEoraEE0UlVJUUxkbmZFZG5FaXlacFlWUEJ5ckVPZ1BZRDZOY014M21Gc3llWGdLSU13RTk4dExtQ2ZiaDZmS0hrSzFRZk44WTZvV0srNEMzQjFDRTduMkt0Q0tNWDhpeXVzMmdrbnJ6V3grdkM1RTUzN04yQzJoYUxDS0YvUFpmaklOcThUWlpzdm44aDU3NmkxNkY4ZlJ0VnZCQUpITHRNSUx4dzA2aDJVMkFORE1lQkFMb2xWM3dwQkYyTHgwVlNTS3BNczVVUFRvbUZiTjFjSFozOVNlQjBSVWkrMlMyb016TWoxcEsxcXNoV1NTNEZ1Q01aMGp1V3hvNGZUdzlGVmVabEI2MjM4UzVFdGovMTVYejhPYXdGUWJQbTdVYlkwQ3lVN2xEVE5ZcjczTDR2bmtram5pcTRVN3B2Z3pTL2VzdVVmcnB3bm1lRkhHNHdDTmRyTFpYUC81ZWZxdURPR29HZ2JwVjNIZ29UR05mekhETTd4OE5CY28xbmVqZyt1YjNvREtUQU0vcFduT1RXcE1GdlNiUU9PZ2tCZE0yQlJyS2k5OWpRSGQ2OUhaUDBUL1ZGdUd6cUFveTJ2YWkrUm91aTE2cXY1MSthZkNDZm00TDB3TTNZN0tjdEZpRlV3aEVTNmZDamNxcGVuc0VaK0MrOXlUMUFQWUhDUWhSNjhnK2JPQWM5U3N4YVNCUkRvdWl6TS95RHE3d2szZEI5MWJRMG9QOSs4VGEwWWc1T0VCU1Y5YzlObCt5YjlHanRGY1pBeDRtRUVzL1c5cjAzaUQxUzZERXVMZThRMkRNanNBSjVsNlVVazI0Rk0vTTBiM0dTVDhVWWFhSUszanRwUG1SR2VoWnhsWXJOUVh0RVF3RDN4T056Q3dUQ0JjL042cFlnUU91SVk0ODdlOWFndGVhZmtwVFVRZkRmZHVnRDNaME5Kd1JYVkdZRTdGNWwxbWI4S0diZ3VzZDNocGUzQUZ4NjByMWk3QW5Eb0FBbUpLSnd0dm1xaTNyZis1VDBqenJNbHBxRlNhRnVva2FLS2crTTlZb3hBbysrSnBZVWNRQ3J3UUdkOUk1M21UVHpjYzhhUE1iZUFFRmRHV2hNLy9sd0xFQ2Z3MWY4RFdickNJWHZzZlNwKzUrQjNSaGtZZk84OGR6K3ZXK1Bqb2d2ZU1weThvbHRJUDZKODAxSU50RVBhMTZ1RFV0ZW5ySXQydG9pcFVSSUMzUW5Kc3B6aUNFalhxdEVtb3ljc0hRWmdvRElFY3psYWlTYkJxS09WT1hXVTU3a3NIWXhyM2JERFVOZXhqcmphZ0pDWHlmUVhEYzBHeW1seEVHd0JCUDl5Qjh5YTNHUEZKRzE4c2Ira2J5bGFnNGtLbGJtdXF0a3N0NjRnWG9JZzdpM2QvREg3dGtJeERmNjFOUk1qdHYyaG1sdm5qL0paQTlxMFRwOENhYitGR2RqZUQ2aWY3TGVRT1lEdVdIVitaL2hxcHdDdGhEN1JONU5PSVRXamR6L1hmVEdHOFEyZ1c0Q2d4Q2pTb29kNGRzNjkyNWdsZFM1YkxDOEVibUJzQ1FYU3d4RDFLS0FUazF4NlhKS0hTSXRnNW1oaGVIV2Jzb1luTUZrTC9YVlVPcTZZQzZkbDlRdVoyWGYzZWpIbkJJbjdERjJjM0hZMlRYZStKNmEwcVNpQW1CS0xzcVExT0dYSXZPNVlaWTlzZ1Qvb1lSeVUrTFZXRkpxQnVnd2Vqd24ySmxnM2xjU3pTWVhHdG9McW1ZWThJeVFxZ2FsU1BpMmkrUEFWTkNlREt3QjJrZ1VZSUp0RnVhNjd6clRoVDVRTituSlZLdkdRMmNha3ZmWUZHb3ZiVUV0Z1c5QT09IiBSZWNvcmRlZFZhbHVlPSJuSHJOMXpGeEVsV0g0bDhZaUdRZDZ0TGNoV3Q0L241eTZQeXVFb2M3WkN1S2xJeElTZUgweFY5b1QrbVRLL3liVmZsRXpsTXpTYzZGOHNtUzhDTzJWdjRJbi9SdERPbmZ1bmNSWk5XSFN4eFJEdjFzc1Z4bE9nVFhmQ3Y2RVdGLzBRRUNBalNqMFZPWEMycUx1bW1Gd214ZG9RdURxT2podDh2eE5zQ0J4SDQ1aEpFckZoeDdJRjhPSEZpbkZ0T0JqT2I2UjdQbCt3MFNpL0Y4R3hVUG1tb3crOExRMFpWVzJMcnJuQnloUnBtUzVGTUhhU3J2NkFYdGVKUkF4WEpWbWhXSFRaTk9xSDMxeGlMeC9HV09uNDZibTBTNVRKK2hBNFJVSVFMZG5mRWRuRWl5WnBZVlBCeXJFT2dQWUQ2TmNNeDNtRnN5ZVhnS0lNd0U5OHRMbUNmYmg2ZktIa0sxUWZOOFk2b1dLKzRDM0IxQ0U3bjJLdENLTVg4aXl1czJna25yeld4K3ZDNUU1MzdOMkMyaGFMQ0tGL1BaZmpJTnE4VFpac3ZuOGg1NzZpMTZGOGZSdFZ2QkFKSEx0TUlMeHcwNmgyVTJBTkRNZUJBTG9sVjN3cEJGMkx4MFZTU0twTXM1VVBUb21GYk4xY0haMzlTZUIwUlVpKzJTMm9Nek1qMXBLMXFzaFdTUzRGdUNNWjBqdVd4bzRmVHc5RlZlWmxCNjIzOFM1RXRqLzE1WHo4T2F3RlFiUG03VWJZMEN5VTdsRFROWXI3M0w0dm5ra2puaXE0VTdwdmd6Uy9lc3VVZnJwd25tZUZIRzR3Q05kckxaWFAvNWVmcXVET0dvR2dicFYzSGdvVEdOZnpIRE03eDhOQmNvMW5lamcrdWIzb0RLVEFNL3BXbk9UV3BNRnZTYlFPT2drQmRNMkJScktpOTlqUUhkNjlIWlAwVC9WRnVHenFBb3kydmFpK1JvdWkxNnF2NTErYWZDQ2ZtNEwwd00zWTdLY3RGaUZVd2hFUzZmQ2pjcXBlbnNFWitDKzl5VDFBUFlIQ1FoUjY4ZytiT0FjOVNzeGFTQlJEb3Vpek0veURxN3drM2RCOTFiUTBvUDkrOFRhMFlnNU9FQlNWOWM5TmwreWI5R2p0RmNaQXg0bUVFcy9XOXIwM2lEMVM2REV1TGU4UTJETWpzQUo1bDZVVWsyNEZNL00wYjNHU1Q4VVlhYUlLM2p0cFBtUkdlaFp4bFlyTlFYdEVRd0QzeE9OekN3VENCYy9ONnBZZ1FPdUlZNDg3ZTlhZ3RlYWZrcFRVUWZEZmR1Z0QzWjBOSndSWFZHWUU3RjVsMW1iOEtHYmd1c2QzaHBlM0FGeDYwcjFpN0FuRG9BQW1KS0p3dHZtcWkzcmYrNVQwanpyTWxwcUZTYUZ1b2thS0tnK005WW94QW8rK0pwWVVjUUNyd1FHZDlJNTNtVFR6Y2M4YVBNYmVBRUZkR1doTS8vbHdMRUNmdzFmOERXYnJDSVh2c2ZTcCs1K0IzUmhrWWZPODhkeit2VytQam9ndmVNcHk4b2x0SVA2SjgwMUlOdEVQYTE2dURVdGVuckl0MnRvaXBVUklDM1FuSnNwemlDRWpYcXRFbW95Y3NIUVpnb0RJRWN6bGFpU2JCcUtPVk9YV1U1N2tzSFl4cjNiRERVTmV4anJqYWdKQ1h5ZlFYRGMwR3ltbHhFR3dCQlA5eUI4eWEzR1BGSkcxOHNiK2tieWxhZzRrS2xibXVxdGtzdDY0Z1hvSWc3aTNkL0RIN3RrSXhEZjYxTlJNanR2MmhtbHZuai9KWkE5cTBUcDhDYWIrRkdkamVENmlmN0xlUU9ZRHVXSFYrWi9ocXB3Q3RoRDdSTjVOT0lUV2pkei9YZlRHRzhRMmdXNENneENqU29vZDRkczY5MjVnbGRTNWJMQzhFYm1Cc0NRWFN3eEQxS0tBVGsxeDZYSktIU0l0ZzVtaGhlSFdic29Zbk1Ga0wvWFZVT3E2WUM2ZGw5UXVaMlhmM2VqSG5CSW43REYyYzNIWTJUWGUrSjZhMHFTaUFtQktMc3FRMU9HWEl2TzVZWlk5c2dUL29ZUnlVK0xWV0ZKcUJ1Z3dlanduMkpsZzNsY1N6U1lYR3RvTHFtWVk4SXlRcWdhbFNQaTJpK1BBVk5DZURLd0Iya2dVWUlKdEZ1YTY3enJUaFQ1UU4rbkpWS3ZHUTJjYWt2ZllGR292YlVFdGdXOUE9PSIgQ29ycmVsYXRpb25CaW5kaW5nPSJ7e0Zvcm1Qb3N0UGFyYW0xLl9fVklFV1NUQVRFfX0iIFVybEVuY29kZT0iVHJ1ZSIgLz4NCiAgICAgICAgPEZvcm1Qb3N0UGFyYW1ldGVyIE5hbWU9Il9fRVZFTlRWQUxJREFUSU9OIiBWYWx1ZT0iQlZ1SFZ5RVVvTnAyWGFwOTBLNzhlaWFjaDNlYmlxZ3krQ1BDc2Q1MUM1dC9NenZoRk5rbmZQV21lZlEzNjFnbGdwaG43V1FqVGo3bDB0MCtBY09hVHE5SGdCSENWUVVxbjVua2JkWGZGeXRacFBMb2tiQ0JFNzM1K1V2a3E5aWt2ZlVGQUtNLzdCMlF4SmVvV0s0TldWeUFxd24vcW9qR0FtWGV5UG1yLzZKRFE1UWJ3YzlmNy9FM3JhdTUzd0dNOFhERXdKUWxQZzJSUjNQYmlnTUlmYTBBK1B2RVVJV0RTcGJxeExrcnByUkZHVWlyTm5LZ0pJeFQ3c0kyUUVJVVA5UnNhS1VHZnVKZ2EvYW5kdDk3YVh3Nm5scEl6UlB1cW9Nc0ZZR2NCRHBsd3ByUVh4Uk5oOWpnUFR6SG51b1podm00NysvRzFDQlh4QUU3eTlFOFl3PT0iIFJlY29yZGVkVmFsdWU9IkJWdUhWeUVVb05wMlhhcDkwSzc4ZWlhY2gzZWJpcWd5K0NQQ3NkNTFDNXQvTXp2aEZOa25mUFdtZWZRMzYxZ2xncGhuN1dRalRqN2wwdDArQWNPYVRxOUhnQkhDVlFVcW41bmtiZFhmRnl0WnBQTG9rYkNCRTczNStVdmtxOWlrdmZVRkFLTS83QjJReEplb1dLNE5XVnlBcXduL3FvakdBbVhleVBtci82SkRRNVFid2M5ZjcvRTNyYXU1M3dHTThYREV3SlFsUGcyUlIzUGJpZ01JZmEwQStQdkVVSVdEU3BicXhMa3JwclJGR1Vpck5uS2dKSXhUN3NJMlFFSVVQOVJzYUtVR2Z1SmdhL2FuZHQ5N2FYdzZubHBJelJQdXFvTXNGWUdjQkRwbHdwclFYeFJOaDlqZ1BUekhudW9aaHZtNDcrL0cxQ0JYeEFFN3k5RThZdz09IiBDb3JyZWxhdGlvbkJpbmRpbmc9Int7Rm9ybVBvc3RQYXJhbTIuX19FVkVOVFZBTElEQVRJT059fSIgVXJsRW5jb2RlPSJUcnVlIiAvPg0KICAgICAgICA8Rm9ybVBvc3RQYXJhbWV0ZXIgTmFtZT0iY3RsMDAkTWFpbkNvbnRlbnQkUmVnaXN0ZXJVc2VyJENyZWF0ZVVzZXJTdGVwQ29udGFpbmVyJFVzZXJOYW1lIiBWYWx1ZT0iampqZTk5OTkiIFJlY29yZGVkVmFsdWU9ImpqamU5OTk5IiBDb3JyZWxhdGlvbkJpbmRpbmc9IiIgVXJsRW5jb2RlPSJUcnVlIiAvPg0KICAgICAgICA8Rm9ybVBvc3RQYXJhbWV0ZXIgTmFtZT0iY3RsMDAkTWFpbkNvbnRlbnQkUmVnaXN0ZXJVc2VyJENyZWF0ZVVzZXJTdGVwQ29udGFpbmVyJFBhc3N3b3JkIiBWYWx1ZT0iITEyMzQ1NjciIFJlY29yZGVkVmFsdWU9IiExMjM0NTY3IiBDb3JyZWxhdGlvbkJpbmRpbmc9IiIgVXJsRW5jb2RlPSJUcnVlIiAvPg0KICAgICAgICA8Rm9ybVBvc3RQYXJhbWV0ZXIgTmFtZT0iY3RsMDAkTWFpbkNvbnRlbnQkUmVnaXN0ZXJVc2VyJENyZWF0ZVVzZXJTdGVwQ29udGFpbmVyJENvbmZpcm1QYXNzd29yZCIgVmFsdWU9IiExMjM0NTY3IiBSZWNvcmRlZFZhbHVlPSIhMTIzNDU2NyIgQ29ycmVsYXRpb25CaW5kaW5nPSIiIFVybEVuY29kZT0iVHJ1ZSIgLz4NCiAgICAgICAgPEZvcm1Qb3N0UGFyYW1ldGVyIE5hbWU9ImN0bDAwJE1haW5Db250ZW50JFJlZ2lzdGVyVXNlciRDcmVhdGVVc2VyU3RlcENvbnRhaW5lciRFbWFpbCIgVmFsdWU9ImpqampAbGxsLmZmIiBSZWNvcmRlZFZhbHVlPSJqampqQGxsbC5mZiIgQ29ycmVsYXRpb25CaW5kaW5nPSIiIFVybEVuY29kZT0iVHJ1ZSIgLz4NCiAgICAgICAgPEZvcm1Qb3N0UGFyYW1ldGVyIE5hbWU9ImN0bDAwJE1haW5Db250ZW50JFJlZ2lzdGVyVXNlciRDcmVhdGVVc2VyU3RlcENvbnRhaW5lciRRdWVzdGlvbiIgVmFsdWU9InJyciIgUmVjb3JkZWRWYWx1ZT0icnJyIiBDb3JyZWxhdGlvbkJpbmRpbmc9IiIgVXJsRW5jb2RlPSJUcnVlIiAvPg0KICAgICAgICA8Rm9ybVBvc3RQYXJhbWV0ZXIgTmFtZT0iY3RsMDAkTWFpbkNvbnRlbnQkUmVnaXN0ZXJVc2VyJENyZWF0ZVVzZXJTdGVwQ29udGFpbmVyJEFuc3dlciIgVmFsdWU9Ind3dyIgUmVjb3JkZWRWYWx1ZT0id3d3IiBDb3JyZWxhdGlvbkJpbmRpbmc9IiIgVXJsRW5jb2RlPSJUcnVlIiAvPg0KICAgICAgICA8Rm9ybVBvc3RQYXJhbWV0ZXIgTmFtZT0iY3RsMDAkTWFpbkNvbnRlbnQkUmVnaXN0ZXJVc2VyJF9fQ3VzdG9tTmF2MCRTdGVwTmV4dEJ1dHRvbkJ1dHRvbiIgVmFsdWU9IlNpZ24gVXAiIFJlY29yZGVkVmFsdWU9IlNpZ24gVXAiIENvcnJlbGF0aW9uQmluZGluZz0ie3tGb3JtUG9zdFBhcmFtMy5jdGwwMCRNYWluQ29udGVudCRSZWdpc3RlclVzZXIkX19DdXN0b21OYXYwJFN0ZXBOZXh0QnV0dG9uQnV0dG9ufX0iIFVybEVuY29kZT0iVHJ1ZSIgLz4NCiAgICAgIDwvRm9ybVBvc3RIdHRwQm9keT4NCiAgICA8L1JlcXVlc3Q+DQogIDwvSXRlbXM+DQogIDxWYWxpZGF0aW9uUnVsZXM+DQogICAgPFZhbGlkYXRpb25SdWxlIENsYXNzbmFtZT0iTWljcm9zb2Z0LlZpc3VhbFN0dWRpby5UZXN0VG9vbHMuV2ViVGVzdGluZy5SdWxlcy5WYWxpZGF0ZVJlc3BvbnNlVXJsLCBNaWNyb3NvZnQuVmlzdWFsU3R1ZGlvLlF1YWxpdHlUb29scy5XZWJUZXN0RnJhbWV3b3JrLCBWZXJzaW9uPTEwLjAuMC4wLCBDdWx0dXJlPW5ldXRyYWwsIFB1YmxpY0tleVRva2VuPWIwM2Y1ZjdmMTFkNTBhM2EiIERpc3BsYXlOYW1lPSJSZXNwb25zZSBVUkwiIERlc2NyaXB0aW9uPSJWYWxpZGF0ZXMgdGhhdCB0aGUgcmVzcG9uc2UgVVJMIGFmdGVyIHJlZGlyZWN0cyBhcmUgZm9sbG93ZWQgaXMgdGhlIHNhbWUgYXMgdGhlIHJlY29yZGVkIHJlc3BvbnNlIFVSTC4gIFF1ZXJ5U3RyaW5nIHBhcmFtZXRlcnMgYXJlIGlnbm9yZWQuIiBMZXZlbD0iTG93IiBFeGVjdHVpb25PcmRlcj0iQmVmb3JlRGVwZW5kZW50cyIgLz4NCiAgICA8VmFsaWRhdGlvblJ1bGUgQ2xhc3NuYW1lPSJNaWNyb3NvZnQuVmlzdWFsU3R1ZGlvLlRlc3RUb29scy5XZWJUZXN0aW5nLlJ1bGVzLlZhbGlkYXRpb25SdWxlUmVzcG9uc2VUaW1lR29hbCwgTWljcm9zb2Z0LlZpc3VhbFN0dWRpby5RdWFsaXR5VG9vbHMuV2ViVGVzdEZyYW1ld29yaywgVmVyc2lvbj0xMC4wLjAuMCwgQ3VsdHVyZT1uZXV0cmFsLCBQdWJsaWNLZXlUb2tlbj1iMDNmNWY3ZjExZDUwYTNhIiBEaXNwbGF5TmFtZT0iUmVzcG9uc2UgVGltZSBHb2FsIiBEZXNjcmlwdGlvbj0iVmFsaWRhdGVzIHRoYXQgdGhlIHJlc3BvbnNlIHRpbWUgZm9yIHRoZSByZXF1ZXN0IGlzIGxlc3MgdGhhbiBvciBlcXVhbCB0byB0aGUgcmVzcG9uc2UgdGltZSBnb2FsIGFzIHNwZWNpZmllZCBvbiB0aGUgcmVxdWVzdC4gIFJlc3BvbnNlIHRpbWUgZ29hbHMgb2YgemVybyB3aWxsIGJlIGlnbm9yZWQuIiBMZXZlbD0iTG93IiBFeGVjdHVpb25PcmRlcj0iQWZ0ZXJEZXBlbmRlbnRzIj4NCiAgICAgIDxSdWxlUGFyYW1ldGVycz4NCiAgICAgICAgPFJ1bGVQYXJhbWV0ZXIgTmFtZT0iVG9sZXJhbmNlIiBWYWx1ZT0iMCIgLz4NCiAgICAgIDwvUnVsZVBhcmFtZXRlcnM+DQogICAgPC9WYWxpZGF0aW9uUnVsZT4NCiAgPC9WYWxpZGF0aW9uUnVsZXM+DQo8L1dlYlRlc3Q+">
      <Execution id="e6b24d5c-1e5d-4744-9dcf-7ea9cb31958e" />
    </WebTest>
  </TestDefinitions>
  <TestLists>
    <TestList name="Results Not in a List" id="8c84fa94-04c1-424b-9868-57a2d4851a1d" />
    <TestList name="All Loaded Results" id="19431567-8539-422a-85d7-44ee4e166bda" />
  </TestLists>
  <TestEntries>
    <TestEntry isTransparent="false" testId="cd332d4c-8a4a-4e83-a442-88df42d49ee5" executionId="e6b24d5c-1e5d-4744-9dcf-7ea9cb31958e" testListId="8c84fa94-04c1-424b-9868-57a2d4851a1d" />
  </TestEntries>
  <Results>
    <WebTestResult executionId="e6b24d5c-1e5d-4744-9dcf-7ea9cb31958e" testId="cd332d4c-8a4a-4e83-a442-88df42d49ee5" testName="WebTest1" computerName="HUI-PC" duration="00:00:00.5166257" startTime="2013-11-04T18:10:37.5300534-05:00" endTime="2013-11-04T18:10:48.8556733-05:00" testType="4e7599fa-5ecb-43e9-a887-cd63cf72d207" outcome="Failed" testListId="8c84fa94-04c1-424b-9868-57a2d4851a1d" relativeResultsDirectory="e6b24d5c-1e5d-4744-9dcf-7ea9cb31958e">
      <Output>
        <ErrorInfo>
          <Message>1 primary requests, 0 dependant requests and 0 conditional rules failed</Message>
        </ErrorInfo>
      </Output>
      <ResultFiles>
        <ResultFile path="WebTest1.webtestResult" />
      </ResultFiles>
      <TestSettings name="Local" id="6508fbba-f614-4bae-b25e-9c9cf2c24687">
        <Description>These are default test settings for a local test run.</Description>
        <Deployment runDeploymentRoot="Hui_HUI-PC 2013-11-04 18_10_35">
          <DeploymentItem filename="C:\Users\Hui\Desktop\Fall2013\COMP231\Project doc\CulinaryDelight-V3\CulinaryDelight\bin\CulinaryDelight.dll" />
        </Deployment>
        <Execution>
          <TestTypeSpecific>
            <WebTestRunConfiguration testTypeId="4e7599fa-5ecb-43e9-a887-cd63cf72d207">
              <Browser name="Internet Explorer 9.0" MaxConnections="6">
                <Headers>
                  <Header name="User-Agent" value="Mozilla/5.0 (compatible; MSIE 9.0; Windows NT 6.1; Trident/5.0)" />
                  <Header name="Accept" value="*/*" />
                  <Header name="Accept-Language" value="{{$IEAcceptLanguage}}" />
                  <Header name="Accept-Encoding" value="GZIP" />
                </Headers>
              </Browser>
            </WebTestRunConfiguration>
          </TestTypeSpecific>
          <AgentRule name="Execution Agents">
          </AgentRule>
        </Execution>
      </TestSettings>
      <WebTestResultFilePath>Hui_HUI-PC 2013-11-04 18_10_35\In\e6b24d5c-1e5d-4744-9dcf-7ea9cb31958e\WebTest1.webtestResult</WebTestResultFilePath>
    </WebTestResult>
  </Results>
</TestRun>